# JRE version: Java(TM) SE Runtime Environment (11.0.1+13) (build 11.0.1+13-LTS)
# Java VM: Java HotSpot(TM) 64-Bit Server VM (11.0.1+13-LTS, mixed mode, tiered, compressed oops, g1 gc, windows-amd64)
Heap:
 garbage-first heap   total 189440K, used 119944K [0x0000000081e00000, 0x0000000100000000)
  region size 1024K, 74 young (75776K), 5 survivors (5120K)
 Metaspace       used 40798K, capacity 41985K, committed 42232K, reserved 1087488K
  class space    used 4610K, capacity 5077K, committed 5112K, reserved 1048576K
GC Heap History (10 events):
Event: 2.125 GC heap before
{Heap before GC invocations=7 (full 0):
 garbage-first heap   total 157696K, used 89417K [0x0000000081e00000, 0x0000000100000000)
  region size 1024K, 72 young (73728K), 8 survivors (8192K)
 Metaspace       used 28209K, capacity 28974K, committed 29184K, reserved 1075200K
  class space    used 2927K, capacity 3221K, committed 3328K, reserved 1048576K
}
Event: 2.133 GC heap after
{Heap after GC invocations=8 (full 0):
 garbage-first heap   total 157696K, used 29657K [0x0000000081e00000, 0x0000000100000000)
  region size 1024K, 9 young (9216K), 9 survivors (9216K)
 Metaspace       used 28209K, capacity 28974K, committed 29184K, reserved 1075200K
  class space    used 2927K, capacity 3221K, committed 3328K, reserved 1048576K
}
Event: 2.410 GC heap before
{Heap before GC invocations=8 (full 0):
 garbage-first heap   total 157696K, used 96217K [0x0000000081e00000, 0x0000000100000000)
  region size 1024K, 74 young (75776K), 9 survivors (9216K)
 Metaspace       used 30503K, capacity 31282K, committed 31488K, reserved 1077248K
  class space    used 3233K, capacity 3564K, committed 3584K, reserved 1048576K
}
Event: 2.419 GC heap after
{Heap after GC invocations=9 (full 0):
 garbage-first heap   total 157696K, used 36068K [0x0000000081e00000, 0x0000000100000000)
  region size 1024K, 6 young (6144K), 6 survivors (6144K)
 Metaspace       used 30503K, capacity 31282K, committed 31488K, reserved 1077248K
  class space    used 3233K, capacity 3564K, committed 3584K, reserved 1048576K
}
Event: 3.218 GC heap before
{Heap before GC invocations=9 (full 0):
 garbage-first heap   total 157696K, used 101604K [0x0000000081e00000, 0x0000000100000000)
  region size 1024K, 70 young (71680K), 6 survivors (6144K)
 Metaspace       used 34537K, capacity 35415K, committed 35584K, reserved 1081344K
  class space    used 3716K, capacity 4049K, committed 4096K, reserved 1048576K
}
Event: 3.226 GC heap after
{Heap after GC invocations=10 (full 0):
 garbage-first heap   total 189440K, used 41470K [0x0000000081e00000, 0x0000000100000000)
  region size 1024K, 6 young (6144K), 6 survivors (6144K)
 Metaspace       used 34537K, capacity 35415K, committed 35584K, reserved 1081344K
  class space    used 3716K, capacity 4049K, committed 4096K, reserved 1048576K
}
Event: 3.243 GC heap before
{Heap before GC invocations=10 (full 0):
 garbage-first heap   total 189440K, used 44542K [0x0000000081e00000, 0x0000000100000000)
  region size 1024K, 10 young (10240K), 6 survivors (6144K)
 Metaspace       used 34703K, capacity 35522K, committed 35584K, reserved 1081344K
  class space    used 3744K, capacity 4085K, committed 4096K, reserved 1048576K
}
Event: 3.246 GC heap after
{Heap after GC invocations=11 (full 0):
 garbage-first heap   total 189440K, used 42267K [0x0000000081e00000, 0x0000000100000000)
  region size 1024K, 1 young (1024K), 1 survivors (1024K)
 Metaspace       used 34703K, capacity 35522K, committed 35584K, reserved 1081344K
  class space    used 3744K, capacity 4085K, committed 4096K, reserved 1048576K
}
Event: 3.634 GC heap before
{Heap before GC invocations=12 (full 0):
 garbage-first heap   total 189440K, used 111899K [0x0000000081e00000, 0x0000000100000000)
  region size 1024K, 69 young (70656K), 1 survivors (1024K)
 Metaspace       used 37737K, capacity 38776K, committed 39032K, reserved 1083392K
  class space    used 4194K, capacity 4624K, committed 4728K, reserved 1048576K
}
Event: 3.638 GC heap after
{Heap after GC invocations=13 (full 0):
 garbage-first heap   total 189440K, used 46216K [0x0000000081e00000, 0x0000000100000000)
  region size 1024K, 5 young (5120K), 5 survivors (5120K)
 Metaspace       used 37737K, capacity 38776K, committed 39032K, reserved 1083392K
  class space    used 4194K, capacity 4624K, committed 4728K, reserved 1048576K
}

