# JRE version: Java(TM) SE Runtime Environment (11.0.1+13) (build 11.0.1+13-LTS)
# Java VM: Java HotSpot(TM) 64-Bit Server VM (11.0.1+13-LTS, mixed mode, tiered, compressed oops, g1 gc, windows-amd64)
Heap:
 garbage-first heap   total 189440K, used 57344K [0x0000000081e00000, 0x0000000100000000)
  region size 1024K, 15 young (15360K), 11 survivors (11264K)
 Metaspace       used 38562K, capacity 39656K, committed 39728K, reserved 1085440K
  class space    used 4318K, capacity 4726K, committed 4736K, reserved 1048576K
GC Heap History (10 events):
Event: 1.876 GC heap before
{Heap before GC invocations=6 (full 0):
 garbage-first heap   total 157696K, used 86303K [0x0000000081e00000, 0x0000000100000000)
  region size 1024K, 68 young (69632K), 4 survivors (4096K)
 Metaspace       used 24485K, capacity 25213K, committed 25520K, reserved 1073152K
  class space    used 2500K, capacity 2757K, committed 2816K, reserved 1048576K
}
Event: 1.883 GC heap after
{Heap after GC invocations=7 (full 0):
 garbage-first heap   total 157696K, used 26198K [0x0000000081e00000, 0x0000000100000000)
  region size 1024K, 9 young (9216K), 9 survivors (9216K)
 Metaspace       used 24485K, capacity 25213K, committed 25520K, reserved 1073152K
  class space    used 2500K, capacity 2757K, committed 2816K, reserved 1048576K
}
Event: 2.244 GC heap before
{Heap before GC invocations=7 (full 0):
 garbage-first heap   total 157696K, used 92758K [0x0000000081e00000, 0x0000000100000000)
  region size 1024K, 74 young (75776K), 9 survivors (9216K)
 Metaspace       used 28549K, capacity 29367K, committed 29616K, reserved 1075200K
  class space    used 2972K, capacity 3287K, committed 3328K, reserved 1048576K
}
Event: 2.253 GC heap after
{Heap after GC invocations=8 (full 0):
 garbage-first heap   total 157696K, used 32987K [0x0000000081e00000, 0x0000000100000000)
  region size 1024K, 8 young (8192K), 8 survivors (8192K)
 Metaspace       used 28549K, capacity 29367K, committed 29616K, reserved 1075200K
  class space    used 2972K, capacity 3287K, committed 3328K, reserved 1048576K
}
Event: 2.528 GC heap before
{Heap before GC invocations=8 (full 0):
 garbage-first heap   total 157696K, used 99547K [0x0000000081e00000, 0x0000000100000000)
  region size 1024K, 73 young (74752K), 8 survivors (8192K)
 Metaspace       used 30791K, capacity 31634K, committed 31792K, reserved 1077248K
  class space    used 3266K, capacity 3596K, committed 3712K, reserved 1048576K
}
Event: 2.536 GC heap after
{Heap after GC invocations=9 (full 0):
 garbage-first heap   total 157696K, used 38652K [0x0000000081e00000, 0x0000000100000000)
  region size 1024K, 6 young (6144K), 6 survivors (6144K)
 Metaspace       used 30791K, capacity 31634K, committed 31792K, reserved 1077248K
  class space    used 3266K, capacity 3596K, committed 3712K, reserved 1048576K
}
Event: 3.363 GC heap before
{Heap before GC invocations=9 (full 0):
 garbage-first heap   total 157696K, used 103164K [0x0000000081e00000, 0x0000000100000000)
  region size 1024K, 70 young (71680K), 6 survivors (6144K)
 Metaspace       used 34955K, capacity 35821K, committed 35920K, reserved 1081344K
  class space    used 3775K, capacity 4144K, committed 4224K, reserved 1048576K
}
Event: 3.372 GC heap after
{Heap after GC invocations=10 (full 0):
 garbage-first heap   total 189440K, used 43736K [0x0000000081e00000, 0x0000000100000000)
  region size 1024K, 6 young (6144K), 6 survivors (6144K)
 Metaspace       used 34955K, capacity 35821K, committed 35920K, reserved 1081344K
  class space    used 3775K, capacity 4144K, committed 4224K, reserved 1048576K
}
Event: 3.893 GC heap before
{Heap before GC invocations=11 (full 0):
 garbage-first heap   total 189440K, used 129752K [0x0000000081e00000, 0x0000000100000000)
  region size 1024K, 85 young (87040K), 6 survivors (6144K)
 Metaspace       used 38449K, capacity 39592K, committed 39728K, reserved 1085440K
  class space    used 4294K, capacity 4726K, committed 4736K, reserved 1048576K
}
Event: 3.898 GC heap after
{Heap after GC invocations=12 (full 0):
 garbage-first heap   total 189440K, used 54272K [0x0000000081e00000, 0x0000000100000000)
  region size 1024K, 11 young (11264K), 11 survivors (11264K)
 Metaspace       used 38449K, capacity 39592K, committed 39728K, reserved 1085440K
  class space    used 4294K, capacity 4726K, committed 4736K, reserved 1048576K
}

