# JRE version: Java(TM) SE Runtime Environment (11.0.1+13) (build 11.0.1+13-LTS)
# Java VM: Java HotSpot(TM) 64-Bit Server VM (11.0.1+13-LTS, mixed mode, tiered, compressed oops, g1 gc, windows-amd64)
Heap:
 garbage-first heap   total 189440K, used 122524K [0x0000000081e00000, 0x0000000100000000)
  region size 1024K, 75 young (76800K), 5 survivors (5120K)
 Metaspace       used 40813K, capacity 41985K, committed 42232K, reserved 1087488K
  class space    used 4608K, capacity 5077K, committed 5112K, reserved 1048576K
GC Heap History (10 events):
Event: 2.139 GC heap before
{Heap before GC invocations=7 (full 0):
 garbage-first heap   total 157696K, used 90680K [0x0000000081e00000, 0x0000000100000000)
  region size 1024K, 73 young (74752K), 8 survivors (8192K)
 Metaspace       used 28224K, capacity 28974K, committed 29184K, reserved 1075200K
  class space    used 2928K, capacity 3221K, committed 3328K, reserved 1048576K
}
Event: 2.148 GC heap after
{Heap after GC invocations=8 (full 0):
 garbage-first heap   total 157696K, used 30247K [0x0000000081e00000, 0x0000000100000000)
  region size 1024K, 10 young (10240K), 10 survivors (10240K)
 Metaspace       used 28224K, capacity 28974K, committed 29184K, reserved 1075200K
  class space    used 2928K, capacity 3221K, committed 3328K, reserved 1048576K
}
Event: 2.430 GC heap before
{Heap before GC invocations=8 (full 0):
 garbage-first heap   total 157696K, used 96807K [0x0000000081e00000, 0x0000000100000000)
  region size 1024K, 75 young (76800K), 10 survivors (10240K)
 Metaspace       used 30555K, capacity 31346K, committed 31488K, reserved 1077248K
  class space    used 3236K, capacity 3564K, committed 3584K, reserved 1048576K
}
Event: 2.439 GC heap after
{Heap after GC invocations=9 (full 0):
 garbage-first heap   total 157696K, used 35943K [0x0000000081e00000, 0x0000000100000000)
  region size 1024K, 6 young (6144K), 6 survivors (6144K)
 Metaspace       used 30555K, capacity 31346K, committed 31488K, reserved 1077248K
  class space    used 3236K, capacity 3564K, committed 3584K, reserved 1048576K
}
Event: 3.260 GC heap before
{Heap before GC invocations=9 (full 0):
 garbage-first heap   total 157696K, used 102503K [0x0000000081e00000, 0x0000000100000000)
  region size 1024K, 71 young (72704K), 6 survivors (6144K)
 Metaspace       used 34589K, capacity 35415K, committed 35584K, reserved 1081344K
  class space    used 3717K, capacity 4049K, committed 4096K, reserved 1048576K
}
Event: 3.268 GC heap after
{Heap after GC invocations=10 (full 0):
 garbage-first heap   total 189440K, used 41984K [0x0000000081e00000, 0x0000000100000000)
  region size 1024K, 6 young (6144K), 6 survivors (6144K)
 Metaspace       used 34589K, capacity 35415K, committed 35584K, reserved 1081344K
  class space    used 3717K, capacity 4049K, committed 4096K, reserved 1048576K
}
Event: 3.274 GC heap before
{Heap before GC invocations=10 (full 0):
 garbage-first heap   total 189440K, used 43008K [0x0000000081e00000, 0x0000000100000000)
  region size 1024K, 8 young (8192K), 6 survivors (6144K)
 Metaspace       used 34664K, capacity 35511K, committed 35584K, reserved 1081344K
  class space    used 3732K, capacity 4081K, committed 4096K, reserved 1048576K
}
Event: 3.278 GC heap after
{Heap after GC invocations=11 (full 0):
 garbage-first heap   total 189440K, used 43008K [0x0000000081e00000, 0x0000000100000000)
  region size 1024K, 1 young (1024K), 1 survivors (1024K)
 Metaspace       used 34664K, capacity 35511K, committed 35584K, reserved 1081344K
  class space    used 3732K, capacity 4081K, committed 4096K, reserved 1048576K
}
Event: 3.668 GC heap before
{Heap before GC invocations=12 (full 0):
 garbage-first heap   total 189440K, used 111616K [0x0000000081e00000, 0x0000000100000000)
  region size 1024K, 68 young (69632K), 1 survivors (1024K)
 Metaspace       used 37697K, capacity 38711K, committed 39032K, reserved 1083392K
  class space    used 4185K, capacity 4624K, committed 4728K, reserved 1048576K
}
Event: 3.672 GC heap after
{Heap after GC invocations=13 (full 0):
 garbage-first heap   total 189440K, used 46748K [0x0000000081e00000, 0x0000000100000000)
  region size 1024K, 5 young (5120K), 5 survivors (5120K)
 Metaspace       used 37697K, capacity 38711K, committed 39032K, reserved 1083392K
  class space    used 4185K, capacity 4624K, committed 4728K, reserved 1048576K
}

