# JRE version: Java(TM) SE Runtime Environment (11.0.1+13) (build 11.0.1+13-LTS)
# Java VM: Java HotSpot(TM) 64-Bit Server VM (11.0.1+13-LTS, mixed mode, tiered, compressed oops, g1 gc, windows-amd64)
Heap:
 garbage-first heap   total 157696K, used 87300K [0x0000000081e00000, 0x0000000100000000)
  region size 1024K, 56 young (57344K), 6 survivors (6144K)
 Metaspace       used 33658K, capacity 34510K, committed 34608K, reserved 1079296K
  class space    used 3607K, capacity 3958K, committed 3968K, reserved 1048576K
GC Heap History (10 events):
Event: 1.334 GC heap before
{Heap before GC invocations=3 (full 0):
 garbage-first heap   total 131072K, used 63775K [0x0000000081e00000, 0x0000000100000000)
  region size 1024K, 48 young (49152K), 3 survivors (3072K)
 Metaspace       used 20369K, capacity 20691K, committed 20736K, reserved 1069056K
  class space    used 1900K, capacity 2005K, committed 2048K, reserved 1048576K
}
Event: 1.338 GC heap after
{Heap after GC invocations=4 (full 0):
 garbage-first heap   total 131072K, used 20491K [0x0000000081e00000, 0x0000000100000000)
  region size 1024K, 6 young (6144K), 6 survivors (6144K)
 Metaspace       used 20369K, capacity 20691K, committed 20736K, reserved 1069056K
  class space    used 1900K, capacity 2005K, committed 2048K, reserved 1048576K
}
Event: 1.417 GC heap before
{Heap before GC invocations=4 (full 0):
 garbage-first heap   total 131072K, used 33803K [0x0000000081e00000, 0x0000000100000000)
  region size 1024K, 20 young (20480K), 6 survivors (6144K)
 Metaspace       used 20872K, capacity 21202K, committed 21296K, reserved 1069056K
  class space    used 1971K, capacity 2090K, committed 2176K, reserved 1048576K
}
Event: 1.422 GC heap after
{Heap after GC invocations=5 (full 0):
 garbage-first heap   total 157696K, used 21444K [0x0000000081e00000, 0x0000000100000000)
  region size 1024K, 4 young (4096K), 4 survivors (4096K)
 Metaspace       used 20872K, capacity 21202K, committed 21296K, reserved 1069056K
  class space    used 1971K, capacity 2090K, committed 2176K, reserved 1048576K
}
Event: 1.873 GC heap before
{Heap before GC invocations=6 (full 0):
 garbage-first heap   total 157696K, used 84932K [0x0000000081e00000, 0x0000000100000000)
  region size 1024K, 66 young (67584K), 4 survivors (4096K)
 Metaspace       used 24495K, capacity 25213K, committed 25520K, reserved 1073152K
  class space    used 2502K, capacity 2757K, committed 2816K, reserved 1048576K
}
Event: 1.878 GC heap after
{Heap after GC invocations=7 (full 0):
 garbage-first heap   total 157696K, used 25812K [0x0000000081e00000, 0x0000000100000000)
  region size 1024K, 9 young (9216K), 9 survivors (9216K)
 Metaspace       used 24495K, capacity 25213K, committed 25520K, reserved 1073152K
  class space    used 2502K, capacity 2757K, committed 2816K, reserved 1048576K
}
Event: 2.215 GC heap before
{Heap before GC invocations=7 (full 0):
 garbage-first heap   total 157696K, used 91348K [0x0000000081e00000, 0x0000000100000000)
  region size 1024K, 73 young (74752K), 9 survivors (9216K)
 Metaspace       used 28446K, capacity 29239K, committed 29360K, reserved 1075200K
  class space    used 2961K, capacity 3287K, committed 3328K, reserved 1048576K
}
Event: 2.223 GC heap after
{Heap after GC invocations=8 (full 0):
 garbage-first heap   total 157696K, used 31321K [0x0000000081e00000, 0x0000000100000000)
  region size 1024K, 10 young (10240K), 10 survivors (10240K)
 Metaspace       used 28446K, capacity 29239K, committed 29360K, reserved 1075200K
  class space    used 2961K, capacity 3287K, committed 3328K, reserved 1048576K
}
Event: 2.488 GC heap before
{Heap before GC invocations=8 (full 0):
 garbage-first heap   total 157696K, used 97881K [0x0000000081e00000, 0x0000000100000000)
  region size 1024K, 75 young (76800K), 10 survivors (10240K)
 Metaspace       used 30670K, capacity 31506K, committed 31792K, reserved 1077248K
  class space    used 3250K, capacity 3596K, committed 3712K, reserved 1048576K
}
Event: 2.497 GC heap after
{Heap after GC invocations=9 (full 0):
 garbage-first heap   total 157696K, used 37124K [0x0000000081e00000, 0x0000000100000000)
  region size 1024K, 6 young (6144K), 6 survivors (6144K)
 Metaspace       used 30670K, capacity 31506K, committed 31792K, reserved 1077248K
  class space    used 3250K, capacity 3596K, committed 3712K, reserved 1048576K
}

