# JRE version: Java(TM) SE Runtime Environment (11.0.1+13) (build 11.0.1+13-LTS)
# Java VM: Java HotSpot(TM) 64-Bit Server VM (11.0.1+13-LTS, mixed mode, tiered, compressed oops, g1 gc, windows-amd64)
Heap:
 garbage-first heap   total 189440K, used 101929K [0x0000000081e00000, 0x0000000100000000)
  region size 1024K, 61 young (62464K), 2 survivors (2048K)
 Metaspace       used 37141K, capacity 38252K, committed 38392K, reserved 1083392K
  class space    used 4112K, capacity 4556K, committed 4600K, reserved 1048576K
GC Heap History (10 events):
Event: 1.741 GC heap before
{Heap before GC invocations=6 (full 0):
 garbage-first heap   total 157696K, used 77403K [0x0000000081e00000, 0x0000000100000000)
  region size 1024K, 61 young (62464K), 5 survivors (5120K)
 Metaspace       used 24142K, capacity 24816K, committed 25088K, reserved 1071104K
  class space    used 2446K, capacity 2689K, committed 2816K, reserved 1048576K
}
Event: 1.746 GC heap after
{Heap after GC invocations=7 (full 0):
 garbage-first heap   total 157696K, used 24359K [0x0000000081e00000, 0x0000000100000000)
  region size 1024K, 8 young (8192K), 8 survivors (8192K)
 Metaspace       used 24142K, capacity 24816K, committed 25088K, reserved 1071104K
  class space    used 2446K, capacity 2689K, committed 2816K, reserved 1048576K
}
Event: 2.034 GC heap before
{Heap before GC invocations=7 (full 0):
 garbage-first heap   total 157696K, used 85799K [0x0000000081e00000, 0x0000000100000000)
  region size 1024K, 68 young (69632K), 8 survivors (8192K)
 Metaspace       used 27857K, capacity 28613K, committed 28800K, reserved 1075200K
  class space    used 2878K, capacity 3185K, committed 3200K, reserved 1048576K
}
Event: 2.042 GC heap after
{Heap after GC invocations=8 (full 0):
 garbage-first heap   total 157696K, used 30035K [0x0000000081e00000, 0x0000000100000000)
  region size 1024K, 9 young (9216K), 9 survivors (9216K)
 Metaspace       used 27857K, capacity 28613K, committed 28800K, reserved 1075200K
  class space    used 2878K, capacity 3185K, committed 3200K, reserved 1048576K
}
Event: 2.286 GC heap before
{Heap before GC invocations=8 (full 0):
 garbage-first heap   total 157696K, used 92499K [0x0000000081e00000, 0x0000000100000000)
  region size 1024K, 70 young (71680K), 9 survivors (9216K)
 Metaspace       used 30074K, capacity 30853K, committed 30976K, reserved 1077248K
  class space    used 3165K, capacity 3464K, committed 3584K, reserved 1048576K
}
Event: 2.294 GC heap after
{Heap after GC invocations=9 (full 0):
 garbage-first heap   total 157696K, used 36316K [0x0000000081e00000, 0x0000000100000000)
  region size 1024K, 6 young (6144K), 6 survivors (6144K)
 Metaspace       used 30074K, capacity 30853K, committed 30976K, reserved 1077248K
  class space    used 3165K, capacity 3464K, committed 3584K, reserved 1048576K
}
Event: 2.549 GC heap before
{Heap before GC invocations=9 (full 0):
 garbage-first heap   total 157696K, used 98780K [0x0000000081e00000, 0x0000000100000000)
  region size 1024K, 67 young (68608K), 6 survivors (6144K)
 Metaspace       used 33500K, capacity 34364K, committed 34432K, reserved 1079296K
  class space    used 3586K, capacity 3931K, committed 3968K, reserved 1048576K
}
Event: 2.557 GC heap after
{Heap after GC invocations=10 (full 0):
 garbage-first heap   total 189440K, used 41226K [0x0000000081e00000, 0x0000000100000000)
  region size 1024K, 6 young (6144K), 6 survivors (6144K)
 Metaspace       used 33500K, capacity 34364K, committed 34432K, reserved 1079296K
  class space    used 3586K, capacity 3931K, committed 3968K, reserved 1048576K
}
Event: 3.158 GC heap before
{Heap before GC invocations=10 (full 0):
 garbage-first heap   total 189440K, used 55562K [0x0000000081e00000, 0x0000000100000000)
  region size 1024K, 21 young (21504K), 6 survivors (6144K)
 Metaspace       used 34728K, capacity 35595K, committed 35628K, reserved 1081344K
  class space    used 3745K, capacity 4112K, committed 4140K, reserved 1048576K
}
Event: 3.163 GC heap after
{Heap after GC invocations=11 (full 0):
 garbage-first heap   total 189440K, used 42537K [0x0000000081e00000, 0x0000000100000000)
  region size 1024K, 2 young (2048K), 2 survivors (2048K)
 Metaspace       used 34728K, capacity 35595K, committed 35628K, reserved 1081344K
  class space    used 3745K, capacity 4112K, committed 4140K, reserved 1048576K
}

