# JRE version: Java(TM) SE Runtime Environment (11.0.1+13) (build 11.0.1+13-LTS)
# Java VM: Java HotSpot(TM) 64-Bit Server VM (11.0.1+13-LTS, mixed mode, tiered, compressed oops, g1 gc, windows-amd64)
Heap:
 garbage-first heap   total 189440K, used 41966K [0x0000000081e00000, 0x0000000100000000)
  region size 1024K, 6 young (6144K), 6 survivors (6144K)
 Metaspace       used 34108K, capacity 34931K, committed 35120K, reserved 1081344K
  class space    used 3607K, capacity 3893K, committed 3968K, reserved 1048576K
GC Heap History (10 events):
Event: 1.629 GC heap after
{Heap after GC invocations=4 (full 0):
 garbage-first heap   total 131072K, used 20277K [0x0000000081e00000, 0x0000000100000000)
  region size 1024K, 6 young (6144K), 6 survivors (6144K)
 Metaspace       used 20735K, capacity 21091K, committed 21296K, reserved 1069056K
  class space    used 1943K, capacity 2088K, committed 2176K, reserved 1048576K
}
Event: 1.642 GC heap before
{Heap before GC invocations=4 (full 0):
 garbage-first heap   total 131072K, used 22325K [0x0000000081e00000, 0x0000000100000000)
  region size 1024K, 9 young (9216K), 6 survivors (6144K)
 Metaspace       used 20838K, capacity 21192K, committed 21296K, reserved 1069056K
  class space    used 1958K, capacity 2101K, committed 2176K, reserved 1048576K
}
Event: 1.646 GC heap after
{Heap after GC invocations=5 (full 0):
 garbage-first heap   total 157696K, used 20639K [0x0000000081e00000, 0x0000000100000000)
  region size 1024K, 4 young (4096K), 4 survivors (4096K)
 Metaspace       used 20838K, capacity 21192K, committed 21296K, reserved 1069056K
  class space    used 1958K, capacity 2101K, committed 2176K, reserved 1048576K
}
Event: 2.086 GC heap before
{Heap before GC invocations=6 (full 0):
 garbage-first heap   total 157696K, used 79007K [0x0000000081e00000, 0x0000000100000000)
  region size 1024K, 61 young (62464K), 4 survivors (4096K)
 Metaspace       used 24398K, capacity 25135K, committed 25264K, reserved 1071104K
  class space    used 2452K, capacity 2717K, committed 2816K, reserved 1048576K
}
Event: 2.091 GC heap after
{Heap after GC invocations=7 (full 0):
 garbage-first heap   total 157696K, used 25057K [0x0000000081e00000, 0x0000000100000000)
  region size 1024K, 8 young (8192K), 8 survivors (8192K)
 Metaspace       used 24398K, capacity 25135K, committed 25264K, reserved 1071104K
  class space    used 2452K, capacity 2717K, committed 2816K, reserved 1048576K
}
Event: 2.446 GC heap before
{Heap before GC invocations=7 (full 0):
 garbage-first heap   total 157696K, used 87521K [0x0000000081e00000, 0x0000000100000000)
  region size 1024K, 69 young (70656K), 8 survivors (8192K)
 Metaspace       used 28400K, capacity 29137K, committed 29360K, reserved 1075200K
  class space    used 2918K, capacity 3219K, committed 3328K, reserved 1048576K
}
Event: 2.454 GC heap after
{Heap after GC invocations=8 (full 0):
 garbage-first heap   total 157696K, used 31334K [0x0000000081e00000, 0x0000000100000000)
  region size 1024K, 7 young (7168K), 7 survivors (7168K)
 Metaspace       used 28400K, capacity 29137K, committed 29360K, reserved 1075200K
  class space    used 2918K, capacity 3219K, committed 3328K, reserved 1048576K
}
Event: 2.746 GC heap before
{Heap before GC invocations=8 (full 0):
 garbage-first heap   total 157696K, used 93798K [0x0000000081e00000, 0x0000000100000000)
  region size 1024K, 68 young (69632K), 7 survivors (7168K)
 Metaspace       used 30739K, capacity 31564K, committed 31664K, reserved 1077248K
  class space    used 3200K, capacity 3496K, committed 3584K, reserved 1048576K
}
Event: 2.752 GC heap after
{Heap after GC invocations=9 (full 0):
 garbage-first heap   total 157696K, used 36237K [0x0000000081e00000, 0x0000000100000000)
  region size 1024K, 5 young (5120K), 5 survivors (5120K)
 Metaspace       used 30739K, capacity 31564K, committed 31664K, reserved 1077248K
  class space    used 3200K, capacity 3496K, committed 3584K, reserved 1048576K
}
Event: 3.060 GC heap before
{Heap before GC invocations=9 (full 0):
 garbage-first heap   total 157696K, used 100749K [0x0000000081e00000, 0x0000000100000000)
  region size 1024K, 68 young (69632K), 5 survivors (5120K)
 Metaspace       used 34108K, capacity 34931K, committed 35120K, reserved 1081344K
  class space    used 3607K, capacity 3893K, committed 3968K, reserved 1048576K
}

