# JRE version: Java(TM) SE Runtime Environment (11.0.1+13) (build 11.0.1+13-LTS)
# Java VM: Java HotSpot(TM) 64-Bit Server VM (11.0.1+13-LTS, mixed mode, tiered, compressed oops, g1 gc, windows-amd64)
Heap:
 garbage-first heap   total 189440K, used 64690K [0x0000000081e00000, 0x0000000100000000)
  region size 1024K, 17 young (17408K), 11 survivors (11264K)
 Metaspace       used 45878K, capacity 47075K, committed 47184K, reserved 1091584K
  class space    used 5167K, capacity 5620K, committed 5632K, reserved 1048576K
GC Heap History (10 events):
Event: 5.449 GC heap before
{Heap before GC invocations=8 (full 0):
 garbage-first heap   total 157696K, used 103234K [0x0000000081e00000, 0x0000000100000000)
  region size 1024K, 80 young (81920K), 10 survivors (10240K)
 Metaspace       used 33694K, capacity 34540K, committed 34864K, reserved 1081344K
  class space    used 3581K, capacity 3893K, committed 3968K, reserved 1048576K
}
Event: 5.457 GC heap after
{Heap after GC invocations=9 (full 0):
 garbage-first heap   total 157696K, used 34166K [0x0000000081e00000, 0x0000000100000000)
  region size 1024K, 8 young (8192K), 8 survivors (8192K)
 Metaspace       used 33694K, capacity 34540K, committed 34864K, reserved 1081344K
  class space    used 3581K, capacity 3893K, committed 3968K, reserved 1048576K
}
Event: 5.594 GC heap before
{Heap before GC invocations=9 (full 0):
 garbage-first heap   total 157696K, used 65910K [0x0000000081e00000, 0x0000000100000000)
  region size 1024K, 40 young (40960K), 8 survivors (8192K)
 Metaspace       used 34969K, capacity 35813K, committed 35920K, reserved 1081344K
  class space    used 3709K, capacity 4040K, committed 4096K, reserved 1048576K
}
Event: 5.602 GC heap after
{Heap after GC invocations=10 (full 0):
 garbage-first heap   total 157696K, used 37376K [0x0000000081e00000, 0x0000000100000000)
  region size 1024K, 6 young (6144K), 6 survivors (6144K)
 Metaspace       used 34969K, capacity 35813K, committed 35920K, reserved 1081344K
  class space    used 3709K, capacity 4040K, committed 4096K, reserved 1048576K
}
Event: 5.907 GC heap before
{Heap before GC invocations=11 (full 0):
 garbage-first heap   total 157696K, used 105984K [0x0000000081e00000, 0x0000000100000000)
  region size 1024K, 73 young (74752K), 6 survivors (6144K)
 Metaspace       used 37930K, capacity 38747K, committed 38864K, reserved 1083392K
  class space    used 4074K, capacity 4399K, committed 4480K, reserved 1048576K
}
Event: 5.915 GC heap after
{Heap after GC invocations=12 (full 0):
 garbage-first heap   total 189440K, used 42876K [0x0000000081e00000, 0x0000000100000000)
  region size 1024K, 10 young (10240K), 10 survivors (10240K)
 Metaspace       used 37930K, capacity 38747K, committed 38864K, reserved 1083392K
  class space    used 4074K, capacity 4399K, committed 4480K, reserved 1048576K
}
Event: 9.203 GC heap before
{Heap before GC invocations=12 (full 0):
 garbage-first heap   total 189440K, used 124796K [0x0000000081e00000, 0x0000000100000000)
  region size 1024K, 90 young (92160K), 10 survivors (10240K)
 Metaspace       used 41707K, capacity 42863K, committed 43088K, reserved 1087488K
  class space    used 4601K, capacity 5026K, committed 5120K, reserved 1048576K
}
Event: 9.211 GC heap after
{Heap after GC invocations=13 (full 0):
 garbage-first heap   total 189440K, used 48752K [0x0000000081e00000, 0x0000000100000000)
  region size 1024K, 11 young (11264K), 11 survivors (11264K)
 Metaspace       used 41707K, capacity 42863K, committed 43088K, reserved 1087488K
  class space    used 4601K, capacity 5026K, committed 5120K, reserved 1048576K
}
Event: 28.715 GC heap before
{Heap before GC invocations=13 (full 0):
 garbage-first heap   total 189440K, used 136816K [0x0000000081e00000, 0x0000000100000000)
  region size 1024K, 92 young (94208K), 11 survivors (11264K)
 Metaspace       used 45466K, capacity 46691K, committed 46928K, reserved 1091584K
  class space    used 5114K, capacity 5578K, committed 5632K, reserved 1048576K
}
Event: 28.722 GC heap after
{Heap after GC invocations=14 (full 0):
 garbage-first heap   total 189440K, used 59570K [0x0000000081e00000, 0x0000000100000000)
  region size 1024K, 11 young (11264K), 11 survivors (11264K)
 Metaspace       used 45466K, capacity 46691K, committed 46928K, reserved 1091584K
  class space    used 5114K, capacity 5578K, committed 5632K, reserved 1048576K
}

