# JRE version: Java(TM) SE Runtime Environment (11.0.1+13) (build 11.0.1+13-LTS)
# Java VM: Java HotSpot(TM) 64-Bit Server VM (11.0.1+13-LTS, mixed mode, tiered, compressed oops, g1 gc, windows-amd64)
Heap:
 garbage-first heap   total 189440K, used 41731K [0x0000000081e00000, 0x0000000100000000)
  region size 1024K, 4 young (4096K), 4 survivors (4096K)
 Metaspace       used 34770K, capacity 35595K, committed 35628K, reserved 1081344K
  class space    used 3759K, capacity 4112K, committed 4140K, reserved 1048576K
GC Heap History (10 events):
Event: 1.352 GC heap after
{Heap after GC invocations=4 (full 0):
 garbage-first heap   total 131072K, used 19903K [0x0000000081e00000, 0x0000000100000000)
  region size 1024K, 6 young (6144K), 6 survivors (6144K)
 Metaspace       used 20603K, capacity 20886K, committed 20992K, reserved 1069056K
  class space    used 1934K, capacity 2027K, committed 2048K, reserved 1048576K
}
Event: 1.362 GC heap before
{Heap before GC invocations=4 (full 0):
 garbage-first heap   total 131072K, used 21951K [0x0000000081e00000, 0x0000000100000000)
  region size 1024K, 9 young (9216K), 6 survivors (6144K)
 Metaspace       used 20681K, capacity 21014K, committed 21248K, reserved 1069056K
  class space    used 1939K, capacity 2027K, committed 2048K, reserved 1048576K
}
Event: 1.365 GC heap after
{Heap after GC invocations=5 (full 0):
 garbage-first heap   total 157696K, used 19700K [0x0000000081e00000, 0x0000000100000000)
  region size 1024K, 3 young (3072K), 3 survivors (3072K)
 Metaspace       used 20681K, capacity 21014K, committed 21248K, reserved 1069056K
  class space    used 1939K, capacity 2027K, committed 2048K, reserved 1048576K
}
Event: 1.852 GC heap before
{Heap before GC invocations=6 (full 0):
 garbage-first heap   total 157696K, used 91380K [0x0000000081e00000, 0x0000000100000000)
  region size 1024K, 73 young (74752K), 3 survivors (3072K)
 Metaspace       used 25587K, capacity 26322K, committed 26496K, reserved 1073152K
  class space    used 2600K, capacity 2889K, committed 2944K, reserved 1048576K
}
Event: 1.858 GC heap after
{Heap after GC invocations=7 (full 0):
 garbage-first heap   total 157696K, used 26068K [0x0000000081e00000, 0x0000000100000000)
  region size 1024K, 10 young (10240K), 10 survivors (10240K)
 Metaspace       used 25587K, capacity 26322K, committed 26496K, reserved 1073152K
  class space    used 2600K, capacity 2889K, committed 2944K, reserved 1048576K
}
Event: 2.189 GC heap before
{Heap before GC invocations=7 (full 0):
 garbage-first heap   total 157696K, used 96724K [0x0000000081e00000, 0x0000000100000000)
  region size 1024K, 79 young (80896K), 10 survivors (10240K)
 Metaspace       used 28746K, capacity 29521K, committed 29696K, reserved 1075200K
  class space    used 2995K, capacity 3319K, committed 3328K, reserved 1048576K
}
Event: 2.198 GC heap after
{Heap after GC invocations=8 (full 0):
 garbage-first heap   total 157696K, used 31744K [0x0000000081e00000, 0x0000000100000000)
  region size 1024K, 6 young (6144K), 6 survivors (6144K)
 Metaspace       used 28746K, capacity 29521K, committed 29696K, reserved 1075200K
  class space    used 2995K, capacity 3319K, committed 3328K, reserved 1048576K
}
Event: 2.486 GC heap before
{Heap before GC invocations=8 (full 0):
 garbage-first heap   total 157696K, used 104448K [0x0000000081e00000, 0x0000000100000000)
  region size 1024K, 77 young (78848K), 6 survivors (6144K)
 Metaspace       used 32150K, capacity 32915K, committed 33280K, reserved 1079296K
  class space    used 3426K, capacity 3725K, committed 3840K, reserved 1048576K
}
Event: 2.493 GC heap after
{Heap after GC invocations=9 (full 0):
 garbage-first heap   total 157696K, used 38175K [0x0000000081e00000, 0x0000000100000000)
  region size 1024K, 7 young (7168K), 7 survivors (7168K)
 Metaspace       used 32150K, capacity 32915K, committed 33280K, reserved 1079296K
  class space    used 3426K, capacity 3725K, committed 3840K, reserved 1048576K
}
Event: 3.190 GC heap before
{Heap before GC invocations=9 (full 0):
 garbage-first heap   total 157696K, used 81183K [0x0000000081e00000, 0x0000000100000000)
  region size 1024K, 50 young (51200K), 7 survivors (7168K)
 Metaspace       used 34770K, capacity 35595K, committed 35628K, reserved 1081344K
  class space    used 3759K, capacity 4112K, committed 4140K, reserved 1048576K
}

