# JRE version: Java(TM) SE Runtime Environment (11.0.1+13) (build 11.0.1+13-LTS)
# Java VM: Java HotSpot(TM) 64-Bit Server VM (11.0.1+13-LTS, mixed mode, tiered, compressed oops, g1 gc, windows-amd64)
Heap:
 garbage-first heap   total 157696K, used 52027K [0x0000000081e00000, 0x0000000100000000)
  region size 1024K, 15 young (15360K), 6 survivors (6144K)
 Metaspace       used 32929K, capacity 33696K, committed 33920K, reserved 1079296K
  class space    used 3517K, capacity 3857K, committed 3968K, reserved 1048576K
GC Heap History (10 events):
Event: 2.468 GC heap before
{Heap before GC invocations=4 (full 0):
 garbage-first heap   total 131072K, used 29175K [0x0000000081e00000, 0x0000000100000000)
  region size 1024K, 9 young (9216K), 3 survivors (3072K)
 Metaspace       used 20755K, capacity 21018K, committed 21248K, reserved 1069056K
  class space    used 1938K, capacity 2027K, committed 2048K, reserved 1048576K
}
Event: 2.471 GC heap after
{Heap after GC invocations=5 (full 0):
 garbage-first heap   total 157696K, used 24698K [0x0000000081e00000, 0x0000000100000000)
  region size 1024K, 4 young (4096K), 4 survivors (4096K)
 Metaspace       used 20755K, capacity 21018K, committed 21248K, reserved 1069056K
  class space    used 1938K, capacity 2027K, committed 2048K, reserved 1048576K
}
Event: 3.151 GC heap before
{Heap before GC invocations=6 (full 0):
 garbage-first heap   total 157696K, used 75898K [0x0000000081e00000, 0x0000000100000000)
  region size 1024K, 54 young (55296K), 4 survivors (4096K)
 Metaspace       used 23262K, capacity 23828K, committed 24064K, reserved 1071104K
  class space    used 2312K, capacity 2550K, committed 2560K, reserved 1048576K
}
Event: 3.156 GC heap after
{Heap after GC invocations=7 (full 0):
 garbage-first heap   total 157696K, used 28151K [0x0000000081e00000, 0x0000000100000000)
  region size 1024K, 7 young (7168K), 7 survivors (7168K)
 Metaspace       used 23262K, capacity 23828K, committed 24064K, reserved 1071104K
  class space    used 2312K, capacity 2550K, committed 2560K, reserved 1048576K
}
Event: 3.651 GC heap before
{Heap before GC invocations=7 (full 0):
 garbage-first heap   total 157696K, used 83447K [0x0000000081e00000, 0x0000000100000000)
  region size 1024K, 61 young (62464K), 7 survivors (7168K)
 Metaspace       used 27564K, capacity 28299K, committed 28544K, reserved 1075200K
  class space    used 2852K, capacity 3163K, committed 3200K, reserved 1048576K
}
Event: 3.658 GC heap after
{Heap after GC invocations=8 (full 0):
 garbage-first heap   total 157696K, used 32137K [0x0000000081e00000, 0x0000000100000000)
  region size 1024K, 8 young (8192K), 8 survivors (8192K)
 Metaspace       used 27564K, capacity 28299K, committed 28544K, reserved 1075200K
  class space    used 2852K, capacity 3163K, committed 3200K, reserved 1048576K
}
Event: 4.071 GC heap before
{Heap before GC invocations=8 (full 0):
 garbage-first heap   total 157696K, used 89481K [0x0000000081e00000, 0x0000000100000000)
  region size 1024K, 64 young (65536K), 8 survivors (8192K)
 Metaspace       used 29543K, capacity 30345K, committed 30592K, reserved 1077248K
  class space    used 3098K, capacity 3401K, committed 3456K, reserved 1048576K
}
Event: 4.079 GC heap after
{Heap after GC invocations=9 (full 0):
 garbage-first heap   total 157696K, used 38478K [0x0000000081e00000, 0x0000000100000000)
  region size 1024K, 6 young (6144K), 6 survivors (6144K)
 Metaspace       used 29543K, capacity 30345K, committed 30592K, reserved 1077248K
  class space    used 3098K, capacity 3401K, committed 3456K, reserved 1048576K
}
Event: 4.576 GC heap before
{Heap before GC invocations=9 (full 0):
 garbage-first heap   total 157696K, used 96846K [0x0000000081e00000, 0x0000000100000000)
  region size 1024K, 63 young (64512K), 6 survivors (6144K)
 Metaspace       used 32215K, capacity 32915K, committed 33280K, reserved 1079296K
  class space    used 3428K, capacity 3724K, committed 3840K, reserved 1048576K
}
Event: 4.583 GC heap after
{Heap after GC invocations=10 (full 0):
 garbage-first heap   total 157696K, used 43835K [0x0000000081e00000, 0x0000000100000000)
  region size 1024K, 6 young (6144K), 6 survivors (6144K)
 Metaspace       used 32215K, capacity 32915K, committed 33280K, reserved 1079296K
  class space    used 3428K, capacity 3724K, committed 3840K, reserved 1048576K
}

