# JRE version: Java(TM) SE Runtime Environment (11.0.1+13) (build 11.0.1+13-LTS)
# Java VM: Java HotSpot(TM) 64-Bit Server VM (11.0.1+13-LTS, mixed mode, tiered, compressed oops, g1 gc, windows-amd64)
Heap:
 garbage-first heap   total 189440K, used 48243K [0x0000000081e00000, 0x0000000100000000)
  region size 1024K, 8 young (8192K), 8 survivors (8192K)
 Metaspace       used 38174K, capacity 39210K, committed 39376K, reserved 1083392K
  class space    used 4182K, capacity 4621K, committed 4736K, reserved 1048576K
GC Heap History (10 events):
Event: 1.585 GC heap after
{Heap after GC invocations=5 (full 0):
 garbage-first heap   total 157696K, used 21959K [0x0000000081e00000, 0x0000000100000000)
  region size 1024K, 4 young (4096K), 4 survivors (4096K)
 Metaspace       used 20760K, capacity 21150K, committed 21296K, reserved 1069056K
  class space    used 1940K, capacity 2088K, committed 2176K, reserved 1048576K
}
Event: 2.107 GC heap before
{Heap before GC invocations=6 (full 0):
 garbage-first heap   total 157696K, used 95687K [0x0000000081e00000, 0x0000000100000000)
  region size 1024K, 76 young (77824K), 4 survivors (4096K)
 Metaspace       used 26501K, capacity 27284K, committed 27568K, reserved 1073152K
  class space    used 2680K, capacity 2964K, committed 3072K, reserved 1048576K
}
Event: 2.113 GC heap after
{Heap after GC invocations=7 (full 0):
 garbage-first heap   total 157696K, used 28300K [0x0000000081e00000, 0x0000000100000000)
  region size 1024K, 10 young (10240K), 10 survivors (10240K)
 Metaspace       used 26501K, capacity 27284K, committed 27568K, reserved 1073152K
  class space    used 2680K, capacity 2964K, committed 3072K, reserved 1048576K
}
Event: 2.453 GC heap before
{Heap before GC invocations=7 (full 0):
 garbage-first heap   total 157696K, used 102028K [0x0000000081e00000, 0x0000000100000000)
  region size 1024K, 82 young (83968K), 10 survivors (10240K)
 Metaspace       used 29419K, capacity 30178K, committed 30512K, reserved 1077248K
  class space    used 3035K, capacity 3356K, committed 3456K, reserved 1048576K
}
Event: 2.463 GC heap after
{Heap after GC invocations=8 (full 0):
 garbage-first heap   total 157696K, used 34087K [0x0000000081e00000, 0x0000000100000000)
  region size 1024K, 6 young (6144K), 6 survivors (6144K)
 Metaspace       used 29419K, capacity 30178K, committed 30512K, reserved 1077248K
  class space    used 3035K, capacity 3356K, committed 3456K, reserved 1048576K
}
Event: 2.784 GC heap before
{Heap before GC invocations=8 (full 0):
 garbage-first heap   total 157696K, used 106791K [0x0000000081e00000, 0x0000000100000000)
  region size 1024K, 77 young (78848K), 6 survivors (6144K)
 Metaspace       used 32789K, capacity 33560K, committed 33712K, reserved 1079296K
  class space    used 3451K, capacity 3757K, committed 3840K, reserved 1048576K
}
Event: 2.792 GC heap after
{Heap after GC invocations=9 (full 0):
 garbage-first heap   total 157696K, used 40830K [0x0000000081e00000, 0x0000000100000000)
  region size 1024K, 7 young (7168K), 7 survivors (7168K)
 Metaspace       used 32789K, capacity 33560K, committed 33712K, reserved 1079296K
  class space    used 3451K, capacity 3757K, committed 3840K, reserved 1048576K
}
Event: 3.484 GC heap before
{Heap before GC invocations=9 (full 0):
 garbage-first heap   total 157696K, used 79742K [0x0000000081e00000, 0x0000000100000000)
  region size 1024K, 46 young (47104K), 7 survivors (7168K)
 Metaspace       used 35059K, capacity 35826K, committed 35920K, reserved 1081344K
  class space    used 3723K, capacity 4046K, committed 4096K, reserved 1048576K
}
Event: 3.490 GC heap after
{Heap after GC invocations=10 (full 0):
 garbage-first heap   total 157696K, used 43810K [0x0000000081e00000, 0x0000000100000000)
  region size 1024K, 4 young (4096K), 4 survivors (4096K)
 Metaspace       used 35059K, capacity 35826K, committed 35920K, reserved 1081344K
  class space    used 3723K, capacity 4046K, committed 4096K, reserved 1048576K
}
Event: 3.929 GC heap before
{Heap before GC invocations=11 (full 0):
 garbage-first heap   total 157696K, used 115490K [0x0000000081e00000, 0x0000000100000000)
  region size 1024K, 74 young (75776K), 4 survivors (4096K)
 Metaspace       used 38174K, capacity 39210K, committed 39376K, reserved 1083392K
  class space    used 4182K, capacity 4621K, committed 4736K, reserved 1048576K
}

