# JRE version: Java(TM) SE Runtime Environment (11.0.1+13) (build 11.0.1+13-LTS)
# Java VM: Java HotSpot(TM) 64-Bit Server VM (11.0.1+13-LTS, mixed mode, tiered, compressed oops, g1 gc, windows-amd64)
Heap:
 garbage-first heap   total 157696K, used 92752K [0x0000000081e00000, 0x0000000100000000)
  region size 1024K, 61 young (62464K), 6 survivors (6144K)
 Metaspace       used 34755K, capacity 35599K, committed 35760K, reserved 1081344K
  class space    used 3688K, capacity 4013K, committed 4096K, reserved 1048576K
GC Heap History (10 events):
Event: 1.242 GC heap before
{Heap before GC invocations=2 (full 0):
 garbage-first heap   total 131072K, used 58027K [0x0000000081e00000, 0x0000000100000000)
  region size 1024K, 53 young (54272K), 10 survivors (10240K)
 Metaspace       used 18550K, capacity 18792K, committed 18944K, reserved 1067008K
  class space    used 1665K, capacity 1728K, committed 1792K, reserved 1048576K
}
Event: 1.249 GC heap after
{Heap after GC invocations=3 (full 0):
 garbage-first heap   total 131072K, used 18342K [0x0000000081e00000, 0x0000000100000000)
  region size 1024K, 4 young (4096K), 4 survivors (4096K)
 Metaspace       used 18550K, capacity 18792K, committed 18944K, reserved 1067008K
  class space    used 1665K, capacity 1728K, committed 1792K, reserved 1048576K
}
Event: 1.506 GC heap before
{Heap before GC invocations=3 (full 0):
 garbage-first heap   total 131072K, used 62374K [0x0000000081e00000, 0x0000000100000000)
  region size 1024K, 48 young (49152K), 4 survivors (4096K)
 Metaspace       used 20822K, capacity 21176K, committed 21296K, reserved 1069056K
  class space    used 1957K, capacity 2097K, committed 2176K, reserved 1048576K
}
Event: 1.510 GC heap after
{Heap after GC invocations=4 (full 0):
 garbage-first heap   total 131072K, used 20233K [0x0000000081e00000, 0x0000000100000000)
  region size 1024K, 6 young (6144K), 6 survivors (6144K)
 Metaspace       used 20822K, capacity 21176K, committed 21296K, reserved 1069056K
  class space    used 1957K, capacity 2097K, committed 2176K, reserved 1048576K
}
Event: 1.936 GC heap before
{Heap before GC invocations=5 (full 0):
 garbage-first heap   total 131072K, used 79625K [0x0000000081e00000, 0x0000000100000000)
  region size 1024K, 64 young (65536K), 6 survivors (6144K)
 Metaspace       used 24405K, capacity 25127K, committed 25264K, reserved 1071104K
  class space    used 2453K, capacity 2717K, committed 2816K, reserved 1048576K
}
Event: 1.943 GC heap after
{Heap after GC invocations=6 (full 0):
 garbage-first heap   total 157696K, used 25600K [0x0000000081e00000, 0x0000000100000000)
  region size 1024K, 8 young (8192K), 8 survivors (8192K)
 Metaspace       used 24405K, capacity 25127K, committed 25264K, reserved 1071104K
  class space    used 2453K, capacity 2717K, committed 2816K, reserved 1048576K
}
Event: 2.342 GC heap before
{Heap before GC invocations=6 (full 0):
 garbage-first heap   total 157696K, used 96256K [0x0000000081e00000, 0x0000000100000000)
  region size 1024K, 77 young (78848K), 8 survivors (8192K)
 Metaspace       used 28585K, capacity 29289K, committed 29616K, reserved 1075200K
  class space    used 2951K, capacity 3251K, committed 3328K, reserved 1048576K
}
Event: 2.351 GC heap after
{Heap after GC invocations=7 (full 0):
 garbage-first heap   total 157696K, used 31075K [0x0000000081e00000, 0x0000000100000000)
  region size 1024K, 10 young (10240K), 10 survivors (10240K)
 Metaspace       used 28585K, capacity 29289K, committed 29616K, reserved 1075200K
  class space    used 2951K, capacity 3251K, committed 3328K, reserved 1048576K
}
Event: 2.669 GC heap before
{Heap before GC invocations=7 (full 0):
 garbage-first heap   total 157696K, used 101731K [0x0000000081e00000, 0x0000000100000000)
  region size 1024K, 79 young (80896K), 10 survivors (10240K)
 Metaspace       used 31782K, capacity 32584K, committed 32816K, reserved 1079296K
  class space    used 3313K, capacity 3624K, committed 3712K, reserved 1048576K
}
Event: 2.679 GC heap after
{Heap after GC invocations=8 (full 0):
 garbage-first heap   total 157696K, used 37456K [0x0000000081e00000, 0x0000000100000000)
  region size 1024K, 6 young (6144K), 6 survivors (6144K)
 Metaspace       used 31782K, capacity 32584K, committed 32816K, reserved 1079296K
  class space    used 3313K, capacity 3624K, committed 3712K, reserved 1048576K
}

