# JRE version: Java(TM) SE Runtime Environment (11.0.1+13) (build 11.0.1+13-LTS)
# Java VM: Java HotSpot(TM) 64-Bit Server VM (11.0.1+13-LTS, mixed mode, tiered, compressed oops, g1 gc, windows-amd64)
Heap:
 garbage-first heap   total 189440K, used 89490K [0x0000000081e00000, 0x0000000100000000)
  region size 1024K, 46 young (47104K), 9 survivors (9216K)
 Metaspace       used 40402K, capacity 41592K, committed 41904K, reserved 1085440K
  class space    used 4549K, capacity 5030K, committed 5120K, reserved 1048576K
GC Heap History (10 events):
Event: 1.906 GC heap before
{Heap before GC invocations=6 (full 0):
 garbage-first heap   total 157696K, used 93423K [0x0000000081e00000, 0x0000000100000000)
  region size 1024K, 75 young (76800K), 4 survivors (4096K)
 Metaspace       used 24874K, capacity 25600K, committed 25904K, reserved 1073152K
  class space    used 2539K, capacity 2822K, committed 2944K, reserved 1048576K
}
Event: 1.912 GC heap after
{Heap after GC invocations=7 (full 0):
 garbage-first heap   total 157696K, used 25923K [0x0000000081e00000, 0x0000000100000000)
  region size 1024K, 9 young (9216K), 9 survivors (9216K)
 Metaspace       used 24874K, capacity 25600K, committed 25904K, reserved 1073152K
  class space    used 2539K, capacity 2822K, committed 2944K, reserved 1048576K
}
Event: 2.274 GC heap before
{Heap before GC invocations=7 (full 0):
 garbage-first heap   total 157696K, used 99651K [0x0000000081e00000, 0x0000000100000000)
  region size 1024K, 81 young (82944K), 9 survivors (9216K)
 Metaspace       used 29016K, capacity 29820K, committed 30000K, reserved 1075200K
  class space    used 3039K, capacity 3353K, committed 3456K, reserved 1048576K
}
Event: 2.283 GC heap after
{Heap after GC invocations=8 (full 0):
 garbage-first heap   total 157696K, used 31672K [0x0000000081e00000, 0x0000000100000000)
  region size 1024K, 11 young (11264K), 11 survivors (11264K)
 Metaspace       used 29016K, capacity 29820K, committed 30000K, reserved 1075200K
  class space    used 3039K, capacity 3353K, committed 3456K, reserved 1048576K
}
Event: 2.571 GC heap before
{Heap before GC invocations=8 (full 0):
 garbage-first heap   total 157696K, used 105400K [0x0000000081e00000, 0x0000000100000000)
  region size 1024K, 83 young (84992K), 11 survivors (11264K)
 Metaspace       used 32045K, capacity 32851K, committed 33200K, reserved 1079296K
  class space    used 3414K, capacity 3724K, committed 3840K, reserved 1048576K
}
Event: 2.581 GC heap after
{Heap after GC invocations=9 (full 0):
 garbage-first heap   total 157696K, used 38589K [0x0000000081e00000, 0x0000000100000000)
  region size 1024K, 7 young (7168K), 7 survivors (7168K)
 Metaspace       used 32045K, capacity 32851K, committed 33200K, reserved 1079296K
  class space    used 3414K, capacity 3724K, committed 3840K, reserved 1048576K
}
Event: 3.312 GC heap before
{Heap before GC invocations=9 (full 0):
 garbage-first heap   total 157696K, used 83645K [0x0000000081e00000, 0x0000000100000000)
  region size 1024K, 52 young (53248K), 7 survivors (7168K)
 Metaspace       used 34975K, capacity 35855K, committed 35920K, reserved 1081344K
  class space    used 3791K, capacity 4177K, committed 4224K, reserved 1048576K
}
Event: 3.319 GC heap after
{Heap after GC invocations=10 (full 0):
 garbage-first heap   total 189440K, used 42496K [0x0000000081e00000, 0x0000000100000000)
  region size 1024K, 4 young (4096K), 4 survivors (4096K)
 Metaspace       used 34975K, capacity 35855K, committed 35920K, reserved 1081344K
  class space    used 3791K, capacity 4177K, committed 4224K, reserved 1048576K
}
Event: 4.884 GC heap before
{Heap before GC invocations=11 (full 0):
 garbage-first heap   total 189440K, used 131584K [0x0000000081e00000, 0x0000000100000000)
  region size 1024K, 86 young (88064K), 4 survivors (4096K)
 Metaspace       used 38557K, capacity 39627K, committed 39856K, reserved 1085440K
  class space    used 4324K, capacity 4759K, committed 4864K, reserved 1048576K
}
Event: 4.889 GC heap after
{Heap after GC invocations=12 (full 0):
 garbage-first heap   total 189440K, used 52626K [0x0000000081e00000, 0x0000000100000000)
  region size 1024K, 9 young (9216K), 9 survivors (9216K)
 Metaspace       used 38557K, capacity 39627K, committed 39856K, reserved 1085440K
  class space    used 4324K, capacity 4759K, committed 4864K, reserved 1048576K
}

