# JRE version: Java(TM) SE Runtime Environment (11.0.1+13) (build 11.0.1+13-LTS)
# Java VM: Java HotSpot(TM) 64-Bit Server VM (11.0.1+13-LTS, mixed mode, tiered, compressed oops, g1 gc, windows-amd64)
Heap:
 garbage-first heap   total 189440K, used 47104K [0x0000000081e00000, 0x0000000100000000)
  region size 1024K, 10 young (10240K), 10 survivors (10240K)
 Metaspace       used 37834K, capacity 38842K, committed 39032K, reserved 1083392K
  class space    used 4211K, capacity 4625K, committed 4728K, reserved 1048576K
GC Heap History (10 events):
Event: 1.486 GC heap after
{Heap after GC invocations=4 (full 0):
 garbage-first heap   total 131072K, used 19930K [0x0000000081e00000, 0x0000000100000000)
  region size 1024K, 6 young (6144K), 6 survivors (6144K)
 Metaspace       used 20701K, capacity 21014K, committed 21248K, reserved 1069056K
  class space    used 1938K, capacity 2027K, committed 2048K, reserved 1048576K
}
Event: 1.906 GC heap before
{Heap before GC invocations=5 (full 0):
 garbage-first heap   total 131072K, used 78298K [0x0000000081e00000, 0x0000000100000000)
  region size 1024K, 63 young (64512K), 6 survivors (6144K)
 Metaspace       used 23414K, capacity 24023K, committed 24192K, reserved 1071104K
  class space    used 2353K, capacity 2594K, committed 2688K, reserved 1048576K
}
Event: 1.912 GC heap after
{Heap after GC invocations=6 (full 0):
 garbage-first heap   total 157696K, used 24462K [0x0000000081e00000, 0x0000000100000000)
  region size 1024K, 7 young (7168K), 7 survivors (7168K)
 Metaspace       used 23414K, capacity 24023K, committed 24192K, reserved 1071104K
  class space    used 2353K, capacity 2594K, committed 2688K, reserved 1048576K
}
Event: 2.365 GC heap before
{Heap before GC invocations=6 (full 0):
 garbage-first heap   total 157696K, used 97166K [0x0000000081e00000, 0x0000000100000000)
  region size 1024K, 78 young (79872K), 7 survivors (7168K)
 Metaspace       used 28352K, capacity 29074K, committed 29184K, reserved 1075200K
  class space    used 2955K, capacity 3253K, committed 3328K, reserved 1048576K
}
Event: 2.373 GC heap after
{Heap after GC invocations=7 (full 0):
 garbage-first heap   total 157696K, used 30278K [0x0000000081e00000, 0x0000000100000000)
  region size 1024K, 10 young (10240K), 10 survivors (10240K)
 Metaspace       used 28352K, capacity 29074K, committed 29184K, reserved 1075200K
  class space    used 2955K, capacity 3253K, committed 3328K, reserved 1048576K
}
Event: 2.713 GC heap before
{Heap before GC invocations=7 (full 0):
 garbage-first heap   total 157696K, used 104006K [0x0000000081e00000, 0x0000000100000000)
  region size 1024K, 82 young (83968K), 10 survivors (10240K)
 Metaspace       used 30839K, capacity 31634K, committed 31872K, reserved 1077248K
  class space    used 3272K, capacity 3596K, committed 3712K, reserved 1048576K
}
Event: 2.723 GC heap after
{Heap after GC invocations=8 (full 0):
 garbage-first heap   total 157696K, used 38143K [0x0000000081e00000, 0x0000000100000000)
  region size 1024K, 8 young (8192K), 8 survivors (8192K)
 Metaspace       used 30839K, capacity 31634K, committed 31872K, reserved 1077248K
  class space    used 3272K, capacity 3596K, committed 3712K, reserved 1048576K
}
Event: 3.527 GC heap before
{Heap before GC invocations=8 (full 0):
 garbage-first heap   total 157696K, used 96511K [0x0000000081e00000, 0x0000000100000000)
  region size 1024K, 66 young (67584K), 8 survivors (8192K)
 Metaspace       used 34705K, capacity 35511K, committed 35584K, reserved 1081344K
  class space    used 3742K, capacity 4081K, committed 4096K, reserved 1048576K
}
Event: 3.534 GC heap after
{Heap after GC invocations=9 (full 0):
 garbage-first heap   total 157696K, used 42907K [0x0000000081e00000, 0x0000000100000000)
  region size 1024K, 6 young (6144K), 6 survivors (6144K)
 Metaspace       used 34705K, capacity 35511K, committed 35584K, reserved 1081344K
  class space    used 3742K, capacity 4081K, committed 4096K, reserved 1048576K
}
Event: 3.962 GC heap before
{Heap before GC invocations=10 (full 0):
 garbage-first heap   total 157696K, used 113563K [0x0000000081e00000, 0x0000000100000000)
  region size 1024K, 75 young (76800K), 6 survivors (6144K)
 Metaspace       used 37834K, capacity 38842K, committed 39032K, reserved 1083392K
  class space    used 4211K, capacity 4625K, committed 4728K, reserved 1048576K
}

