# JRE version: Java(TM) SE Runtime Environment (11.0.1+13) (build 11.0.1+13-LTS)
# Java VM: Java HotSpot(TM) 64-Bit Server VM (11.0.1+13-LTS, mixed mode, tiered, compressed oops, g1 gc, windows-amd64)
Heap:
 garbage-first heap   total 157696K, used 20530K [0x0000000081e00000, 0x0000000100000000)
  region size 1024K, 4 young (4096K), 4 survivors (4096K)
 Metaspace       used 20874K, capacity 21209K, committed 21296K, reserved 1069056K
  class space    used 1972K, capacity 2093K, committed 2176K, reserved 1048576K
GC Heap History (9 events):
Event: 0.396 GC heap before
{Heap before GC invocations=0 (full 0):
 garbage-first heap   total 131072K, used 21504K [0x0000000081e00000, 0x0000000100000000)
  region size 1024K, 22 young (22528K), 0 survivors (0K)
 Metaspace       used 10223K, capacity 10439K, committed 10624K, reserved 1058816K
  class space    used 966K, capacity 1055K, committed 1152K, reserved 1048576K
}
Event: 0.399 GC heap after
{Heap after GC invocations=1 (full 0):
 garbage-first heap   total 131072K, used 4558K [0x0000000081e00000, 0x0000000100000000)
  region size 1024K, 3 young (3072K), 3 survivors (3072K)
 Metaspace       used 10223K, capacity 10439K, committed 10624K, reserved 1058816K
  class space    used 966K, capacity 1055K, committed 1152K, reserved 1048576K
}
Event: 0.910 GC heap before
{Heap before GC invocations=1 (full 0):
 garbage-first heap   total 131072K, used 79310K [0x0000000081e00000, 0x0000000100000000)
  region size 1024K, 76 young (77824K), 3 survivors (3072K)
 Metaspace       used 16214K, capacity 16506K, committed 16768K, reserved 1064960K
  class space    used 1468K, capacity 1564K, committed 1664K, reserved 1048576K
}
Event: 0.918 GC heap after
{Heap after GC invocations=2 (full 0):
 garbage-first heap   total 131072K, used 14285K [0x0000000081e00000, 0x0000000100000000)
  region size 1024K, 10 young (10240K), 10 survivors (10240K)
 Metaspace       used 16214K, capacity 16506K, committed 16768K, reserved 1064960K
  class space    used 1468K, capacity 1564K, committed 1664K, reserved 1048576K
}
Event: 1.025 GC heap before
{Heap before GC invocations=2 (full 0):
 garbage-first heap   total 131072K, used 31693K [0x0000000081e00000, 0x0000000100000000)
  region size 1024K, 27 young (27648K), 10 survivors (10240K)
 Metaspace       used 17760K, capacity 18031K, committed 18176K, reserved 1064960K
  class space    used 1581K, capacity 1667K, committed 1792K, reserved 1048576K
}
Event: 1.032 GC heap after
{Heap after GC invocations=3 (full 0):
 garbage-first heap   total 131072K, used 17115K [0x0000000081e00000, 0x0000000100000000)
  region size 1024K, 3 young (3072K), 3 survivors (3072K)
 Metaspace       used 17760K, capacity 18031K, committed 18176K, reserved 1064960K
  class space    used 1581K, capacity 1667K, committed 1792K, reserved 1048576K
}
Event: 1.306 GC heap before
{Heap before GC invocations=3 (full 0):
 garbage-first heap   total 131072K, used 62171K [0x0000000081e00000, 0x0000000100000000)
  region size 1024K, 47 young (48128K), 3 survivors (3072K)
 Metaspace       used 20241K, capacity 20552K, committed 20736K, reserved 1069056K
  class space    used 1878K, capacity 1957K, committed 2048K, reserved 1048576K
}
Event: 1.310 GC heap after
{Heap after GC invocations=4 (full 0):
 garbage-first heap   total 131072K, used 19542K [0x0000000081e00000, 0x0000000100000000)
  region size 1024K, 5 young (5120K), 5 survivors (5120K)
 Metaspace       used 20241K, capacity 20552K, committed 20736K, reserved 1069056K
  class space    used 1878K, capacity 1957K, committed 2048K, reserved 1048576K
}
Event: 1.405 GC heap before
{Heap before GC invocations=4 (full 0):
 garbage-first heap   total 131072K, used 36950K [0x0000000081e00000, 0x0000000100000000)
  region size 1024K, 23 young (23552K), 5 survivors (5120K)
 Metaspace       used 20874K, capacity 21209K, committed 21296K, reserved 1069056K
  class space    used 1972K, capacity 2093K, committed 2176K, reserved 1048576K
}

