# JRE version: Java(TM) SE Runtime Environment (11.0.1+13) (build 11.0.1+13-LTS)
# Java VM: Java HotSpot(TM) 64-Bit Server VM (11.0.1+13-LTS, mixed mode, tiered, compressed oops, g1 gc, windows-amd64)
Heap:
 garbage-first heap   total 157696K, used 98462K [0x0000000081e00000, 0x0000000100000000)
  region size 1024K, 37 young (37888K), 6 survivors (6144K)
 Metaspace       used 42872K, capacity 44132K, committed 44288K, reserved 1087488K
  class space    used 4797K, capacity 5296K, committed 5376K, reserved 1048576K
GC Heap History (10 events):
Event: 3.584 GC heap before
{Heap before GC invocations=8 (full 0):
 garbage-first heap   total 157696K, used 105454K [0x0000000081e00000, 0x0000000100000000)
  region size 1024K, 75 young (76800K), 7 survivors (7168K)
 Metaspace       used 34446K, capacity 35287K, committed 35584K, reserved 1081344K
  class space    used 3691K, capacity 4049K, committed 4096K, reserved 1048576K
}
Event: 3.591 GC heap after
{Heap after GC invocations=9 (full 0):
 garbage-first heap   total 157696K, used 42252K [0x0000000081e00000, 0x0000000100000000)
  region size 1024K, 7 young (7168K), 7 survivors (7168K)
 Metaspace       used 34446K, capacity 35287K, committed 35584K, reserved 1081344K
  class space    used 3691K, capacity 4049K, committed 4096K, reserved 1048576K
}
Event: 4.121 GC heap before
{Heap before GC invocations=9 (full 0):
 garbage-first heap   total 157696K, used 45324K [0x0000000081e00000, 0x0000000100000000)
  region size 1024K, 11 young (11264K), 7 survivors (7168K)
 Metaspace       used 34709K, capacity 35479K, committed 35584K, reserved 1081344K
  class space    used 3725K, capacity 4049K, committed 4096K, reserved 1048576K
}
Event: 4.125 GC heap after
{Heap after GC invocations=10 (full 0):
 garbage-first heap   total 157696K, used 43008K [0x0000000081e00000, 0x0000000100000000)
  region size 1024K, 1 young (1024K), 1 survivors (1024K)
 Metaspace       used 34709K, capacity 35479K, committed 35584K, reserved 1081344K
  class space    used 3725K, capacity 4049K, committed 4096K, reserved 1048576K
}
Event: 4.705 GC heap before
{Heap before GC invocations=11 (full 0):
 garbage-first heap   total 157696K, used 108544K [0x0000000081e00000, 0x0000000100000000)
  region size 1024K, 65 young (66560K), 1 survivors (1024K)
 Metaspace       used 37491K, capacity 38519K, committed 38656K, reserved 1083392K
  class space    used 4143K, capacity 4560K, committed 4608K, reserved 1048576K
}
Event: 4.710 GC heap after
{Heap after GC invocations=12 (full 0):
 garbage-first heap   total 157696K, used 46774K [0x0000000081e00000, 0x0000000100000000)
  region size 1024K, 5 young (5120K), 5 survivors (5120K)
 Metaspace       used 37491K, capacity 38519K, committed 38656K, reserved 1083392K
  class space    used 4143K, capacity 4560K, committed 4608K, reserved 1048576K
}
Event: 7.495 GC heap before
{Heap before GC invocations=12 (full 0):
 garbage-first heap   total 157696K, used 117430K [0x0000000081e00000, 0x0000000100000000)
  region size 1024K, 69 young (70656K), 5 survivors (5120K)
 Metaspace       used 40576K, capacity 41753K, committed 41984K, reserved 1085440K
  class space    used 4569K, capacity 5042K, committed 5120K, reserved 1048576K
}
Event: 7.501 GC heap after
{Heap after GC invocations=13 (full 0):
 garbage-first heap   total 157696K, used 56820K [0x0000000081e00000, 0x0000000100000000)
  region size 1024K, 9 young (9216K), 9 survivors (9216K)
 Metaspace       used 40576K, capacity 41753K, committed 41984K, reserved 1085440K
  class space    used 4569K, capacity 5042K, committed 5120K, reserved 1048576K
}
Event: 13.179 GC heap before
{Heap before GC invocations=13 (full 0):
 garbage-first heap   total 157696K, used 117236K [0x0000000081e00000, 0x0000000100000000)
  region size 1024K, 69 young (70656K), 9 survivors (9216K)
 Metaspace       used 41780K, capacity 43010K, committed 43136K, reserved 1087488K
  class space    used 4654K, capacity 5158K, committed 5248K, reserved 1048576K
}
Event: 13.184 GC heap after
{Heap after GC invocations=14 (full 0):
 garbage-first heap   total 157696K, used 57502K [0x0000000081e00000, 0x0000000100000000)
  region size 1024K, 6 young (6144K), 6 survivors (6144K)
 Metaspace       used 41780K, capacity 43010K, committed 43136K, reserved 1087488K
  class space    used 4654K, capacity 5158K, committed 5248K, reserved 1048576K
}

