# JRE version: Java(TM) SE Runtime Environment (11.0.1+13) (build 11.0.1+13-LTS)
# Java VM: Java HotSpot(TM) 64-Bit Server VM (11.0.1+13-LTS, mixed mode, tiered, compressed oops, g1 gc, windows-amd64)
Heap:
 garbage-first heap   total 190464K, used 95037K [0x0000000081e00000, 0x0000000100000000)
  region size 1024K, 52 young (53248K), 11 survivors (11264K)
 Metaspace       used 40454K, capacity 41592K, committed 41904K, reserved 1085440K
  class space    used 4561K, capacity 5030K, committed 5120K, reserved 1048576K
GC Heap History (10 events):
Event: 1.736 GC heap before
{Heap before GC invocations=6 (full 0):
 garbage-first heap   total 157696K, used 85440K [0x0000000081e00000, 0x0000000100000000)
  region size 1024K, 68 young (69632K), 5 survivors (5120K)
 Metaspace       used 24494K, capacity 25213K, committed 25520K, reserved 1073152K
  class space    used 2503K, capacity 2757K, committed 2816K, reserved 1048576K
}
Event: 1.743 GC heap after
{Heap after GC invocations=7 (full 0):
 garbage-first heap   total 157696K, used 25702K [0x0000000081e00000, 0x0000000100000000)
  region size 1024K, 9 young (9216K), 9 survivors (9216K)
 Metaspace       used 24494K, capacity 25213K, committed 25520K, reserved 1073152K
  class space    used 2503K, capacity 2757K, committed 2816K, reserved 1048576K
}
Event: 2.082 GC heap before
{Heap before GC invocations=7 (full 0):
 garbage-first heap   total 157696K, used 93286K [0x0000000081e00000, 0x0000000100000000)
  region size 1024K, 75 young (76800K), 9 survivors (9216K)
 Metaspace       used 28545K, capacity 29303K, committed 29360K, reserved 1075200K
  class space    used 2979K, capacity 3287K, committed 3328K, reserved 1048576K
}
Event: 2.092 GC heap after
{Heap after GC invocations=8 (full 0):
 garbage-first heap   total 157696K, used 32692K [0x0000000081e00000, 0x0000000100000000)
  region size 1024K, 8 young (8192K), 8 survivors (8192K)
 Metaspace       used 28545K, capacity 29303K, committed 29360K, reserved 1075200K
  class space    used 2979K, capacity 3287K, committed 3328K, reserved 1048576K
}
Event: 2.363 GC heap before
{Heap before GC invocations=8 (full 0):
 garbage-first heap   total 157696K, used 99252K [0x0000000081e00000, 0x0000000100000000)
  region size 1024K, 73 young (74752K), 8 survivors (8192K)
 Metaspace       used 30782K, capacity 31570K, committed 31792K, reserved 1077248K
  class space    used 3271K, capacity 3596K, committed 3712K, reserved 1048576K
}
Event: 2.370 GC heap after
{Heap after GC invocations=9 (full 0):
 garbage-first heap   total 157696K, used 37753K [0x0000000081e00000, 0x0000000100000000)
  region size 1024K, 6 young (6144K), 6 survivors (6144K)
 Metaspace       used 30782K, capacity 31570K, committed 31792K, reserved 1077248K
  class space    used 3271K, capacity 3596K, committed 3712K, reserved 1048576K
}
Event: 3.189 GC heap before
{Heap before GC invocations=9 (full 0):
 garbage-first heap   total 157696K, used 102265K [0x0000000081e00000, 0x0000000100000000)
  region size 1024K, 70 young (71680K), 6 survivors (6144K)
 Metaspace       used 34953K, capacity 35757K, committed 35888K, reserved 1081344K
  class space    used 3782K, capacity 4144K, committed 4224K, reserved 1048576K
}
Event: 3.197 GC heap after
{Heap after GC invocations=10 (full 0):
 garbage-first heap   total 190464K, used 44032K [0x0000000081e00000, 0x0000000100000000)
  region size 1024K, 6 young (6144K), 6 survivors (6144K)
 Metaspace       used 34953K, capacity 35757K, committed 35888K, reserved 1081344K
  class space    used 3782K, capacity 4144K, committed 4224K, reserved 1048576K
}
Event: 4.748 GC heap before
{Heap before GC invocations=11 (full 0):
 garbage-first heap   total 190464K, used 131072K [0x0000000081e00000, 0x0000000100000000)
  region size 1024K, 86 young (88064K), 6 survivors (6144K)
 Metaspace       used 38511K, capacity 39528K, committed 39728K, reserved 1085440K
  class space    used 4313K, capacity 4726K, committed 4736K, reserved 1048576K
}
Event: 4.754 GC heap after
{Heap after GC invocations=12 (full 0):
 garbage-first heap   total 190464K, used 54077K [0x0000000081e00000, 0x0000000100000000)
  region size 1024K, 11 young (11264K), 11 survivors (11264K)
 Metaspace       used 38511K, capacity 39528K, committed 39728K, reserved 1085440K
  class space    used 4313K, capacity 4726K, committed 4736K, reserved 1048576K
}

