# JRE version: Java(TM) SE Runtime Environment (11.0.1+13) (build 11.0.1+13-LTS)
# Java VM: Java HotSpot(TM) 64-Bit Server VM (11.0.1+13-LTS, mixed mode, tiered, compressed oops, g1 gc, windows-amd64)
Heap:
 garbage-first heap   total 131072K, used 25470K [0x0000000081e00000, 0x0000000100000000)
  region size 1024K, 12 young (12288K), 5 survivors (5120K)
 Metaspace       used 20482K, capacity 20760K, committed 20992K, reserved 1069056K
  class space    used 1909K, capacity 2007K, committed 2048K, reserved 1048576K
GC Heap History (8 events):
Event: 0.384 GC heap before
{Heap before GC invocations=0 (full 0):
 garbage-first heap   total 131072K, used 21504K [0x0000000081e00000, 0x0000000100000000)
  region size 1024K, 22 young (22528K), 0 survivors (0K)
 Metaspace       used 10229K, capacity 10439K, committed 10624K, reserved 1058816K
  class space    used 965K, capacity 1055K, committed 1152K, reserved 1048576K
}
Event: 0.386 GC heap after
{Heap after GC invocations=1 (full 0):
 garbage-first heap   total 131072K, used 4496K [0x0000000081e00000, 0x0000000100000000)
  region size 1024K, 3 young (3072K), 3 survivors (3072K)
 Metaspace       used 10229K, capacity 10439K, committed 10624K, reserved 1058816K
  class space    used 965K, capacity 1055K, committed 1152K, reserved 1048576K
}
Event: 0.916 GC heap before
{Heap before GC invocations=1 (full 0):
 garbage-first heap   total 131072K, used 79248K [0x0000000081e00000, 0x0000000100000000)
  region size 1024K, 76 young (77824K), 3 survivors (3072K)
 Metaspace       used 16213K, capacity 16506K, committed 16768K, reserved 1064960K
  class space    used 1465K, capacity 1564K, committed 1664K, reserved 1048576K
}
Event: 0.923 GC heap after
{Heap after GC invocations=2 (full 0):
 garbage-first heap   total 131072K, used 14225K [0x0000000081e00000, 0x0000000100000000)
  region size 1024K, 10 young (10240K), 10 survivors (10240K)
 Metaspace       used 16213K, capacity 16506K, committed 16768K, reserved 1064960K
  class space    used 1465K, capacity 1564K, committed 1664K, reserved 1048576K
}
Event: 1.049 GC heap before
{Heap before GC invocations=2 (full 0):
 garbage-first heap   total 131072K, used 31633K [0x0000000081e00000, 0x0000000100000000)
  region size 1024K, 27 young (27648K), 10 survivors (10240K)
 Metaspace       used 17734K, capacity 18031K, committed 18176K, reserved 1064960K
  class space    used 1580K, capacity 1667K, committed 1792K, reserved 1048576K
}
Event: 1.056 GC heap after
{Heap after GC invocations=3 (full 0):
 garbage-first heap   total 131072K, used 17110K [0x0000000081e00000, 0x0000000100000000)
  region size 1024K, 3 young (3072K), 3 survivors (3072K)
 Metaspace       used 17734K, capacity 18031K, committed 18176K, reserved 1064960K
  class space    used 1580K, capacity 1667K, committed 1792K, reserved 1048576K
}
Event: 1.342 GC heap before
{Heap before GC invocations=3 (full 0):
 garbage-first heap   total 131072K, used 62166K [0x0000000081e00000, 0x0000000100000000)
  region size 1024K, 47 young (48128K), 3 survivors (3072K)
 Metaspace       used 20279K, capacity 20552K, committed 20736K, reserved 1069056K
  class space    used 1879K, capacity 1957K, committed 2048K, reserved 1048576K
}
Event: 1.346 GC heap after
{Heap after GC invocations=4 (full 0):
 garbage-first heap   total 131072K, used 19326K [0x0000000081e00000, 0x0000000100000000)
  region size 1024K, 5 young (5120K), 5 survivors (5120K)
 Metaspace       used 20279K, capacity 20552K, committed 20736K, reserved 1069056K
  class space    used 1879K, capacity 1957K, committed 2048K, reserved 1048576K
}

