# JRE version: Java(TM) SE Runtime Environment (11.0.1+13) (build 11.0.1+13-LTS)
# Java VM: Java HotSpot(TM) 64-Bit Server VM (11.0.1+13-LTS, mixed mode, tiered, compressed oops, g1 gc, windows-amd64)
Heap:
 garbage-first heap   total 189440K, used 57681K [0x0000000081e00000, 0x0000000100000000)
  region size 1024K, 10 young (10240K), 10 survivors (10240K)
 Metaspace       used 40757K, capacity 41913K, committed 41984K, reserved 1085440K
  class space    used 4601K, capacity 5074K, committed 5120K, reserved 1048576K
GC Heap History (10 events):
Event: 2.296 GC heap after
{Heap after GC invocations=6 (full 0):
 garbage-first heap   total 131072K, used 25421K [0x0000000081e00000, 0x0000000100000000)
  region size 1024K, 6 young (6144K), 6 survivors (6144K)
 Metaspace       used 23422K, capacity 24023K, committed 24192K, reserved 1071104K
  class space    used 2353K, capacity 2594K, committed 2688K, reserved 1048576K
}
Event: 2.726 GC heap before
{Heap before GC invocations=6 (full 0):
 garbage-first heap   total 131072K, used 86861K [0x0000000081e00000, 0x0000000100000000)
  region size 1024K, 66 young (67584K), 6 survivors (6144K)
 Metaspace       used 27983K, capacity 28794K, committed 28800K, reserved 1075200K
  class space    used 2892K, capacity 3200K, committed 3200K, reserved 1048576K
}
Event: 2.733 GC heap after
{Heap after GC invocations=7 (full 0):
 garbage-first heap   total 157696K, used 30688K [0x0000000081e00000, 0x0000000100000000)
  region size 1024K, 9 young (9216K), 9 survivors (9216K)
 Metaspace       used 27983K, capacity 28794K, committed 28800K, reserved 1075200K
  class space    used 2892K, capacity 3200K, committed 3200K, reserved 1048576K
}
Event: 3.125 GC heap before
{Heap before GC invocations=7 (full 0):
 garbage-first heap   total 157696K, used 102368K [0x0000000081e00000, 0x0000000100000000)
  region size 1024K, 79 young (80896K), 9 survivors (9216K)
 Metaspace       used 30506K, capacity 31346K, committed 31488K, reserved 1077248K
  class space    used 3226K, capacity 3564K, committed 3584K, reserved 1048576K
}
Event: 3.133 GC heap after
{Heap after GC invocations=8 (full 0):
 garbage-first heap   total 157696K, used 36747K [0x0000000081e00000, 0x0000000100000000)
  region size 1024K, 6 young (6144K), 6 survivors (6144K)
 Metaspace       used 30506K, capacity 31346K, committed 31488K, reserved 1077248K
  class space    used 3226K, capacity 3564K, committed 3584K, reserved 1048576K
}
Event: 4.081 GC heap before
{Heap before GC invocations=8 (full 0):
 garbage-first heap   total 157696K, used 106379K [0x0000000081e00000, 0x0000000100000000)
  region size 1024K, 75 young (76800K), 6 survivors (6144K)
 Metaspace       used 34614K, capacity 35479K, committed 35584K, reserved 1081344K
  class space    used 3715K, capacity 4049K, committed 4096K, reserved 1048576K
}
Event: 4.088 GC heap after
{Heap after GC invocations=9 (full 0):
 garbage-first heap   total 157696K, used 43338K [0x0000000081e00000, 0x0000000100000000)
  region size 1024K, 7 young (7168K), 7 survivors (7168K)
 Metaspace       used 34614K, capacity 35479K, committed 35584K, reserved 1081344K
  class space    used 3715K, capacity 4049K, committed 4096K, reserved 1048576K
}
Event: 4.705 GC heap before
{Heap before GC invocations=10 (full 0):
 garbage-first heap   total 157696K, used 112970K [0x0000000081e00000, 0x0000000100000000)
  region size 1024K, 75 young (76800K), 7 survivors (7168K)
 Metaspace       used 37598K, capacity 38679K, committed 38912K, reserved 1083392K
  class space    used 4172K, capacity 4592K, committed 4608K, reserved 1048576K
}
Event: 4.712 GC heap after
{Heap after GC invocations=11 (full 0):
 garbage-first heap   total 157696K, used 48527K [0x0000000081e00000, 0x0000000100000000)
  region size 1024K, 6 young (6144K), 6 survivors (6144K)
 Metaspace       used 37598K, capacity 38679K, committed 38912K, reserved 1083392K
  class space    used 4172K, capacity 4592K, committed 4608K, reserved 1048576K
}
Event: 7.454 GC heap before
{Heap before GC invocations=11 (full 0):
 garbage-first heap   total 157696K, used 122255K [0x0000000081e00000, 0x0000000100000000)
  region size 1024K, 73 young (74752K), 6 survivors (6144K)
 Metaspace       used 40757K, capacity 41913K, committed 41984K, reserved 1085440K
  class space    used 4601K, capacity 5074K, committed 5120K, reserved 1048576K
}

