# JRE version: Java(TM) SE Runtime Environment (11.0.1+13) (build 11.0.1+13-LTS)
# Java VM: Java HotSpot(TM) 64-Bit Server VM (11.0.1+13-LTS, mixed mode, tiered, compressed oops, g1 gc, windows-amd64)
Heap:
 garbage-first heap   total 189440K, used 60246K [0x0000000081e00000, 0x0000000100000000)
  region size 1024K, 15 young (15360K), 10 survivors (10240K)
 Metaspace       used 41184K, capacity 42345K, committed 42488K, reserved 1087488K
  class space    used 4643K, capacity 5090K, committed 5112K, reserved 1048576K
GC Heap History (10 events):
Event: 2.226 GC heap before
{Heap before GC invocations=6 (full 0):
 garbage-first heap   total 157696K, used 101998K [0x0000000081e00000, 0x0000000100000000)
  region size 1024K, 82 young (83968K), 6 survivors (6144K)
 Metaspace       used 28715K, capacity 29523K, committed 29696K, reserved 1075200K
  class space    used 2997K, capacity 3319K, committed 3328K, reserved 1048576K
}
Event: 2.234 GC heap after
{Heap after GC invocations=7 (full 0):
 garbage-first heap   total 157696K, used 30941K [0x0000000081e00000, 0x0000000100000000)
  region size 1024K, 11 young (11264K), 11 survivors (11264K)
 Metaspace       used 28715K, capacity 29523K, committed 29696K, reserved 1075200K
  class space    used 2997K, capacity 3319K, committed 3328K, reserved 1048576K
}
Event: 2.564 GC heap before
{Heap before GC invocations=7 (full 0):
 garbage-first heap   total 157696K, used 107741K [0x0000000081e00000, 0x0000000100000000)
  region size 1024K, 86 young (88064K), 11 survivors (11264K)
 Metaspace       used 31916K, capacity 32690K, committed 32896K, reserved 1079296K
  class space    used 3386K, capacity 3692K, committed 3712K, reserved 1048576K
}
Event: 2.574 GC heap after
{Heap after GC invocations=8 (full 0):
 garbage-first heap   total 157696K, used 37199K [0x0000000081e00000, 0x0000000100000000)
  region size 1024K, 6 young (6144K), 6 survivors (6144K)
 Metaspace       used 31916K, capacity 32690K, committed 32896K, reserved 1079296K
  class space    used 3386K, capacity 3692K, committed 3712K, reserved 1048576K
}
Event: 3.311 GC heap before
{Heap before GC invocations=8 (full 0):
 garbage-first heap   total 157696K, used 82255K [0x0000000081e00000, 0x0000000100000000)
  region size 1024K, 51 young (52224K), 6 survivors (6144K)
 Metaspace       used 34654K, capacity 35479K, committed 35584K, reserved 1081344K
  class space    used 3722K, capacity 4049K, committed 4096K, reserved 1048576K
}
Event: 3.317 GC heap after
{Heap after GC invocations=9 (full 0):
 garbage-first heap   total 157696K, used 41472K [0x0000000081e00000, 0x0000000100000000)
  region size 1024K, 4 young (4096K), 4 survivors (4096K)
 Metaspace       used 34654K, capacity 35479K, committed 35584K, reserved 1081344K
  class space    used 3722K, capacity 4049K, committed 4096K, reserved 1048576K
}
Event: 3.715 GC heap before
{Heap before GC invocations=10 (full 0):
 garbage-first heap   total 157696K, used 107008K [0x0000000081e00000, 0x0000000100000000)
  region size 1024K, 68 young (69632K), 4 survivors (4096K)
 Metaspace       used 37473K, capacity 38551K, committed 38776K, reserved 1083392K
  class space    used 4145K, capacity 4592K, committed 4728K, reserved 1048576K
}
Event: 3.721 GC heap after
{Heap after GC invocations=11 (full 0):
 garbage-first heap   total 189440K, used 45430K [0x0000000081e00000, 0x0000000100000000)
  region size 1024K, 8 young (8192K), 8 survivors (8192K)
 Metaspace       used 37473K, capacity 38551K, committed 38776K, reserved 1083392K
  class space    used 4145K, capacity 4592K, committed 4728K, reserved 1048576K
}
Event: 6.477 GC heap before
{Heap before GC invocations=11 (full 0):
 garbage-first heap   total 189440K, used 128374K [0x0000000081e00000, 0x0000000100000000)
  region size 1024K, 84 young (86016K), 8 survivors (8192K)
 Metaspace       used 41099K, capacity 42248K, committed 42488K, reserved 1087488K
  class space    used 4637K, capacity 5080K, committed 5112K, reserved 1048576K
}
Event: 6.483 GC heap after
{Heap after GC invocations=12 (full 0):
 garbage-first heap   total 189440K, used 56150K [0x0000000081e00000, 0x0000000100000000)
  region size 1024K, 10 young (10240K), 10 survivors (10240K)
 Metaspace       used 41099K, capacity 42248K, committed 42488K, reserved 1087488K
  class space    used 4637K, capacity 5080K, committed 5112K, reserved 1048576K
}

