# JRE version: Java(TM) SE Runtime Environment (11.0.1+13) (build 11.0.1+13-LTS)
# Java VM: Java HotSpot(TM) 64-Bit Server VM (11.0.1+13-LTS, mixed mode, tiered, compressed oops, g1 gc, windows-amd64)
Heap:
 garbage-first heap   total 157696K, used 114865K [0x0000000081e00000, 0x0000000100000000)
  region size 1024K, 70 young (71680K), 7 survivors (7168K)
 Metaspace       used 40580K, capacity 41657K, committed 41984K, reserved 1085440K
  class space    used 4567K, capacity 5030K, committed 5120K, reserved 1048576K
GC Heap History (10 events):
Event: 3.010 GC heap before
{Heap before GC invocations=6 (full 0):
 garbage-first heap   total 131072K, used 81321K [0x0000000081e00000, 0x0000000100000000)
  region size 1024K, 63 young (64512K), 7 survivors (7168K)
 Metaspace       used 27682K, capacity 28363K, committed 28544K, reserved 1075200K
  class space    used 2878K, capacity 3163K, committed 3200K, reserved 1048576K
}
Event: 3.017 GC heap after
{Heap after GC invocations=7 (full 0):
 garbage-first heap   total 131072K, used 28347K [0x0000000081e00000, 0x0000000100000000)
  region size 1024K, 8 young (8192K), 8 survivors (8192K)
 Metaspace       used 27682K, capacity 28363K, committed 28544K, reserved 1075200K
  class space    used 2878K, capacity 3163K, committed 3200K, reserved 1048576K
}
Event: 3.345 GC heap before
{Heap before GC invocations=7 (full 0):
 garbage-first heap   total 131072K, used 85691K [0x0000000081e00000, 0x0000000100000000)
  region size 1024K, 64 young (65536K), 8 survivors (8192K)
 Metaspace       used 29672K, capacity 30444K, committed 30592K, reserved 1077248K
  class space    used 3115K, capacity 3434K, committed 3456K, reserved 1048576K
}
Event: 3.354 GC heap after
{Heap after GC invocations=8 (full 0):
 garbage-first heap   total 157696K, used 33961K [0x0000000081e00000, 0x0000000100000000)
  region size 1024K, 6 young (6144K), 6 survivors (6144K)
 Metaspace       used 29672K, capacity 30444K, committed 30592K, reserved 1077248K
  class space    used 3115K, capacity 3434K, committed 3456K, reserved 1048576K
}
Event: 3.709 GC heap before
{Heap before GC invocations=8 (full 0):
 garbage-first heap   total 157696K, used 99497K [0x0000000081e00000, 0x0000000100000000)
  region size 1024K, 70 young (71680K), 6 survivors (6144K)
 Metaspace       used 33165K, capacity 33952K, committed 34176K, reserved 1079296K
  class space    used 3536K, capacity 3857K, committed 3968K, reserved 1048576K
}
Event: 3.716 GC heap after
{Heap after GC invocations=9 (full 0):
 garbage-first heap   total 157696K, used 40167K [0x0000000081e00000, 0x0000000100000000)
  region size 1024K, 7 young (7168K), 7 survivors (7168K)
 Metaspace       used 33165K, capacity 33952K, committed 34176K, reserved 1079296K
  class space    used 3536K, capacity 3857K, committed 3968K, reserved 1048576K
}
Event: 4.394 GC heap before
{Heap before GC invocations=9 (full 0):
 garbage-first heap   total 157696K, used 64743K [0x0000000081e00000, 0x0000000100000000)
  region size 1024K, 32 young (32768K), 7 survivors (7168K)
 Metaspace       used 34684K, capacity 35479K, committed 35584K, reserved 1081344K
  class space    used 3725K, capacity 4049K, committed 4096K, reserved 1048576K
}
Event: 4.399 GC heap after
{Heap after GC invocations=10 (full 0):
 garbage-first heap   total 157696K, used 41984K [0x0000000081e00000, 0x0000000100000000)
  region size 1024K, 2 young (2048K), 2 survivors (2048K)
 Metaspace       used 34684K, capacity 35479K, committed 35584K, reserved 1081344K
  class space    used 3725K, capacity 4049K, committed 4096K, reserved 1048576K
}
Event: 4.935 GC heap before
{Heap before GC invocations=11 (full 0):
 garbage-first heap   total 157696K, used 109568K [0x0000000081e00000, 0x0000000100000000)
  region size 1024K, 68 young (69632K), 2 survivors (2048K)
 Metaspace       used 37512K, capacity 38520K, committed 38656K, reserved 1083392K
  class space    used 4148K, capacity 4560K, committed 4608K, reserved 1048576K
}
Event: 4.941 GC heap after
{Heap after GC invocations=12 (full 0):
 garbage-first heap   total 157696K, used 46257K [0x0000000081e00000, 0x0000000100000000)
  region size 1024K, 7 young (7168K), 7 survivors (7168K)
 Metaspace       used 37512K, capacity 38520K, committed 38656K, reserved 1083392K
  class space    used 4148K, capacity 4560K, committed 4608K, reserved 1048576K
}

